<?xml version="1.0" encoding="UTF-8"?>
<!-- Generated by org.testng.reporters.JUnitReportReporter -->
<testsuite skipped="1" hostname="INBGQT-LT-0226" name="LoginCheckWithData" tests="2" failures="0" timestamp="01 May 2018 05:47:31 GMT" time="13.740" errors="0">
  <testcase name="loginTestCustomer" time="13.740" classname="LoginCheckWithData"/>
  <testcase name="loginTestAdmin" classname="LoginCheckWithData">
    <skipped/>
  </testcase> <!-- loginTestAdmin -->
</testsuite> <!-- LoginCheckWithData -->
