<?xml version="1.0" encoding="UTF-8"?>
<!-- Generated by org.testng.reporters.JUnitReportReporter -->
<testsuite skipped="0" hostname="INBGQT-LT-0226" name="JavaScript" tests="1" failures="0" timestamp="07 May 2018 11:54:03 GMT" time="36.786" errors="0">
  <testcase name="jsTest1" time="36.786" classname="JavaScript"/>
</testsuite> <!-- JavaScript -->
