<?xml version="1.0" encoding="UTF-8"?>
<!-- Generated by org.testng.reporters.JUnitReportReporter -->
<testsuite skipped="0" hostname="INBGQT-LT-0226" name="AlertPopUpByJS" tests="1" failures="0" timestamp="30 Apr 2018 03:39:19 GMT" time="17.762" errors="0">
  <testcase name="alertJS" time="17.762" classname="AlertPopUpByJS"/>
</testsuite> <!-- AlertPopUpByJS -->
