<?xml version="1.0" encoding="UTF-8"?>
<!-- Generated by org.testng.reporters.JUnitReportReporter -->
<testsuite skipped="0" hostname="INBGQT-LT-0226" name="ActionsTypes" tests="1" failures="0" timestamp="05 May 2018 00:21:44 GMT" time="24.557" errors="0">
  <testcase name="testActions" time="24.557" classname="ActionsTypes"/>
</testsuite> <!-- ActionsTypes -->
