<?xml version="1.0" encoding="UTF-8"?>
<!-- Generated by org.testng.reporters.JUnitReportReporter -->
<testsuite skipped="0" hostname="INBGQT-LT-0226" name="SelectWholeText" tests="1" failures="0" timestamp="04 May 2018 11:09:25 GMT" time="17.634" errors="0">
  <testcase name="testA" time="17.634" classname="SelectWholeText"/>
</testsuite> <!-- SelectWholeText -->
