<?xml version="1.0" encoding="UTF-8"?>
<!-- Generated by org.testng.reporters.JUnitReportReporter -->
<testsuite skipped="0" hostname="INBGQT-LT-0226" name="Snap" tests="1" failures="0" timestamp="08 May 2018 23:10:43 GMT" time="69.684" errors="0">
  <testcase name="snap" time="69.684" classname="Snap"/>
</testsuite> <!-- Snap -->
