<?xml version="1.0" encoding="UTF-8"?>
<!-- Generated by org.testng.reporters.JUnitReportReporter -->
<testsuite skipped="0" hostname="INBGQT-LT-0226" name="FileUploadViaSendKeys" tests="1" failures="0" timestamp="30 Apr 2018 15:53:18 GMT" time="18.521" errors="0">
  <testcase name="fileUpload" time="18.521" classname="FileUploadViaSendKeys"/>
</testsuite> <!-- FileUploadViaSendKeys -->
